<?xml version="1.0" encoding="UTF-8"?>
<!-- Generated by org.testng.reporters.JUnitReportReporter -->
<testsuite hostname="DESKTOP-J5S0LPJ" failures="0" tests="3" name="com.leonardoAI.testCases.TC_ImageGenerationPage" time="21.224" errors="0" timestamp="2024-06-24T21:31:30 IST" skipped="0">
  <testcase classname="com.leonardoAI.testCases.TC_ImageGenerationPage" name="test_GenerateImage" time="15.205"/>
  <system-out/>
  <testcase classname="com.leonardoAI.testCases.TC_ImageGenerationPage" name="test_DownLoadGenerateImage" time="5.754"/>
  <system-out/>
  <testcase classname="com.leonardoAI.testCases.TC_ImageGenerationPage" name="test_RenameDonwloadedFile" time="0.265"/>
  <system-out/>
</testsuite> <!-- com.leonardoAI.testCases.TC_ImageGenerationPage -->
