<?xml version="1.0" encoding="UTF-8"?>
<!-- Generated by org.testng.reporters.JUnitReportReporter -->
<testsuite hostname="DESKTOP-J5S0LPJ" failures="0" tests="1" name="com.leonardoAI.testCases.TC_Home" time="21.139" errors="0" timestamp="2024-06-29T16:33:42 IST" skipped="0">
  <testcase classname="com.leonardoAI.testCases.TC_Home" name="test_CheckAIToolSubMenus" time="21.139"/>
  <system-out/>
</testsuite> <!-- com.leonardoAI.testCases.TC_Home -->
