<?xml version="1.0" encoding="UTF-8"?>
<!-- Generated by org.testng.reporters.JUnitReportReporter -->
<testsuite hostname="DESKTOP-J5S0LPJ" failures="0" tests="2" name="com.leonardoAI.testCases.TC_ImageGenerationPage" time="14.120" errors="0" timestamp="2024-06-30T22:11:29 IST" skipped="0">
  <testcase classname="com.leonardoAI.testCases.TC_ImageGenerationPage" name="test_DownLoadGenerateImage" time="13.464"/>
  <system-out/>
  <testcase classname="com.leonardoAI.testCases.TC_ImageGenerationPage" name="test_RenameDonwloadedFile" time="0.656"/>
  <system-out/>
</testsuite> <!-- com.leonardoAI.testCases.TC_ImageGenerationPage -->
