<?xml version="1.0" encoding="UTF-8"?>
<!-- Generated by org.testng.reporters.JUnitReportReporter -->
<testsuite hostname="DESKTOP-J5S0LPJ" failures="0" tests="3" name="com.leonardoAI.testCases.TC_ImageGenerationPage" time="67.966" errors="0" timestamp="2024-06-29T19:24:28 IST" skipped="0">
  <testcase classname="com.leonardoAI.testCases.TC_ImageGenerationPage" name="test_GenerateImage" time="62.247"/>
  <testcase classname="com.leonardoAI.testCases.TC_ImageGenerationPage" name="test_DownLoadGenerateImage" time="5.299"/>
  <testcase classname="com.leonardoAI.testCases.TC_ImageGenerationPage" name="test_RenameDonwloadedFile" time="0.420"/>
</testsuite> <!-- com.leonardoAI.testCases.TC_ImageGenerationPage -->
